<?xml version="1.0" encoding="UTF-8"?>
<testsuite xmlns:xsi="http://www.w3.org/2001/XMLSchema-instance" xsi:noNamespaceSchemaLocation="https://maven.apache.org/surefire/maven-surefire-plugin/xsd/surefire-test-report.xsd" version="3.0.2" name="com.omkar.store.StoreSeleniumTest" time="14.541" tests="1" errors="0" skipped="0" failures="0" flakes="0">
  <properties>
[...]
</properties>
  <testcase name="customerCanPlaceOrder" classname="com.omkar.store.StoreSeleniumTest" time="11.126">
    <system-out><![CDATA[21:19:07.137 [main] INFO org.springframework.test.context.support.AnnotationConfigContextLoaderUtils -- Could not detect default configuration classes for test class [com.omkar.store.StoreSeleniumTest]: StoreSeleniumTest does not declare any static, non-private, non-final, nested classes annotated with @Configuration.
21:19:07.275 [main] INFO org.springframework.boot.test.context.SpringBootTestContextBootstrapper -- Found @SpringBootConfiguration com.omkar.store.StoreApplication for test class com.omkar.store.StoreSeleniumTest

  .   ____          _            __ _ _
 /\\ / ___'_ __ _ _(_)_ __  __ _ \ \ \ \
( ( )\___ | '_ | '_| | '_ \/ _` | \ \ \ \
 \\/  ___)| |_)| | | | | || (_| |  ) ) ) )
  '  |____| .__|_| |_|_| |_\__, | / / / /
 =========|_|==============|___/=/_/_/_/

 :: Spring Boot ::               (v3.5.16)

2026-09-23T21:19:07.945+05:30  INFO 11812 --- [           main] com.omkar.store.StoreSeleniumTest        : Starting StoreSeleniumTest using Java 26.0.2 with PID 11812 (started by Omkar in C:\Users\Omkar\OneDrive\Desktop\mini-ecommerce-devops)
2026-09-23T21:19:07.947+05:30  INFO 11812 --- [           main] com.omkar.store.StoreSeleniumTest        : No active profile set, falling back to 1 default profile: "default"
2026-09-23T21:19:09.475+05:30  INFO 11812 --- [           main] o.s.b.w.embedded.tomcat.TomcatWebServer  : Tomcat initialized with port 0 (http)
2026-09-23T21:19:09.498+05:30  INFO 11812 --- [           main] o.apache.catalina.core.StandardService   : Starting service [Tomcat]
2026-09-23T21:19:09.498+05:30  INFO 11812 --- [           main] o.apache.catalina.core.StandardEngine    : Starting Servlet engine: [Apache Tomcat/10.1.55]
2026-09-23T21:19:09.595+05:30  INFO 11812 --- [           main] o.a.c.c.C.[Tomcat].[localhost].[/]       : Initializing Spring embedded WebApplicationContext
2026-09-23T21:19:09.596+05:30  INFO 11812 --- [           main] w.s.c.ServletWebServerApplicationContext : Root WebApplicationContext: initialization completed in 1626 ms
2026-09-23T21:19:09.781+05:30  INFO 11812 --- [           main] o.s.b.a.w.s.WelcomePageHandlerMapping    : Adding welcome page: class path resource [static/index.html]
2026-09-23T21:19:10.282+05:30  INFO 11812 --- [           main] o.s.b.w.embedded.tomcat.TomcatWebServer  : Tomcat started on port 55607 (http) with context path '/'
2026-09-23T21:19:10.302+05:30  INFO 11812 --- [           main] com.omkar.store.StoreSeleniumTest        : Started StoreSeleniumTest in 2.828 seconds (process running for 4.151)
2026-09-23T21:19:19.886+05:30  WARN 11812 --- [           main] o.o.selenium.devtools.CdpVersionFinder   : Unable to find CDP implementation matching 153
2026-09-23T21:19:19.887+05:30  WARN 11812 --- [           main] o.o.selenium.chromium.ChromiumDriver     : Unable to find version of CDP to use for 153.0.8010.36. You may need to include a dependency on a specific version of the CDP using something similar to `org.seleniumhq.selenium:selenium-devtools-v86:4.31.0` where the version ("v86") matches the version of the chromium-based browser you're using and the version number of the artifact is the same as Selenium's.
2026-09-23T21:19:20.076+05:30  INFO 11812 --- [o-auto-1-exec-1] o.a.c.c.C.[Tomcat].[localhost].[/]       : Initializing Spring DispatcherServlet 'dispatcherServlet'
2026-09-23T21:19:20.076+05:30  INFO 11812 --- [o-auto-1-exec-1] o.s.web.servlet.DispatcherServlet        : Initializing Servlet 'dispatcherServlet'
2026-09-23T21:19:20.077+05:30  INFO 11812 --- [o-auto-1-exec-1] o.s.web.servlet.DispatcherServlet        : Completed initialization in 1 ms
]]></system-out>
    <system-err><![CDATA[Mockito is currently self-attaching to enable the inline-mock-maker. This will no longer work in future releases of the JDK. Please add Mockito as an agent to your build as described in Mockito's documentation: https://javadoc.io/doc/org.mockito/mockito-core/latest/org.mockito/org/mockito/Mockito.html#0.3
WARNING: A Java agent has been loaded dynamically (C:\Users\Omkar\.m2\repository\net\bytebuddy\byte-buddy-agent\1.17.8\byte-buddy-agent-1.17.8.jar)
WARNING: If a serviceability tool is in use, please run with -XX:+EnableDynamicAgentLoading to hide this warning
WARNING: If a serviceability tool is not in use, please run with -Djdk.instrument.traceUsage for more information
WARNING: Dynamic loading of agents will be disallowed by default in a future release
]]></system-err>
  </testcase>
</testsuite>